<?xml version="1.0" encoding="UTF-8"?>
<!-- Generated by org.testng.reporters.JUnitXMLReporter -->
<testsuite hostname="ASDW0119" ignored="0" name="Default test" tests="6" failures="0" timestamp="19 Feb 2020 12:52:24 GMT" time="420.45" errors="0">
  <testcase name="launchUrl" time="34.629" classname="com.automation.playstore.Playstore_NewMovies.VerifyAction"/>
  <testcase name="signIn" time="6.542" classname="com.automation.playstore.Playstore_NewMovies.VerifyAction"/>
  <testcase name="Credentials" time="2.808" classname="com.automation.playstore.Playstore_NewMovies.VerifyAction"/>
  <testcase name="chooseMoviesOptionfromHome" time="7.455" classname="com.automation.playstore.Playstore_NewMovies.VerifyAction"/>
  <testcase name="chooseNewReleases" time="2.175" classname="com.automation.playstore.Playstore_NewMovies.VerifyAction"/>
  <testcase name="chooseGenres" time="366.789" classname="com.automation.playstore.Playstore_NewMovies.VerifyAction"/>
</testsuite> <!-- Default test -->
